25/02/10 16:57:42 INFO Spark App: Application Spark is Running...
25/02/10 16:58:52 INFO Spark App: Application Spark is Running...
25/02/10 16:58:59 INFO Spark App: Before Transform
25/02/10 16:59:04 INFO Spark App: After Transform
25/02/10 16:59:05 INFO Spark App: Spark Terminate
25/02/10 17:01:46 INFO Spark App: Application Spark is Running...
25/02/10 17:01:53 INFO Spark App: Before Transform
25/02/10 17:01:58 INFO Spark App: After Transform
25/02/10 17:01:59 INFO Spark App: Spark Terminate
25/02/10 17:07:18 INFO Spark App: Application Spark is Running...
25/02/10 17:07:22 INFO Spark App: Before Transform
25/02/10 17:07:27 INFO Spark App: After Transform
25/02/10 17:07:28 INFO Spark App: Spark Terminate
25/02/10 17:18:14 INFO Spark App: Application Spark is Running...
25/02/10 17:18:14 INFO Spark App: [[spark.app.submitTime, 1739182691741], [spark.yarn.app.container.log.dir, app-logs], [spark.master, local[3]], [spark.executor.id, driver], [spark.app.name, Spark App], [spark.rdd.compress, True], [spark.executor.extraJavaOptions, -Djava.net.preferIPv6Addresses=false -XX:+IgnoreUnrecognizedVMOptions --add-opens=java.base/java.lang=ALL-UNNAMED --add-opens=java.base/java.lang.invoke=ALL-UNNAMED --add-opens=java.base/java.lang.reflect=ALL-UNNAMED --add-opens=java.base/java.io=ALL-UNNAMED --add-opens=java.base/java.net=ALL-UNNAMED --add-opens=java.base/java.nio=ALL-UNNAMED --add-opens=java.base/java.util=ALL-UNNAMED --add-opens=java.base/java.util.concurrent=ALL-UNNAMED --add-opens=java.base/java.util.concurrent.atomic=ALL-UNNAMED --add-opens=java.base/jdk.internal.ref=ALL-UNNAMED --add-opens=java.base/sun.nio.ch=ALL-UNNAMED --add-opens=java.base/sun.nio.cs=ALL-UNNAMED --add-opens=java.base/sun.security.action=ALL-UNNAMED --add-opens=java.base/sun.util.calendar=ALL-UNNAMED --add-opens=java.security.jgss/sun.security.krb5=ALL-UNNAMED -Djdk.reflect.useDirectMethodHandle=false], [spark.serializer.objectStreamReset, 100], [spark.driver.port, 40575], [spark.submit.pyFiles, ], [spark.submit.deployMode, client], [spark.app.id, local-1739182694042], [spark.app.startTime, 1739182692065], [spark.ui.showConsoleProgress, true], [spark.driver.extraJavaOptions, -Djava.net.preferIPv6Addresses=false -XX:+IgnoreUnrecognizedVMOptions --add-opens=java.base/java.lang=ALL-UNNAMED --add-opens=java.base/java.lang.invoke=ALL-UNNAMED --add-opens=java.base/java.lang.reflect=ALL-UNNAMED --add-opens=java.base/java.io=ALL-UNNAMED --add-opens=java.base/java.net=ALL-UNNAMED --add-opens=java.base/java.nio=ALL-UNNAMED --add-opens=java.base/java.util=ALL-UNNAMED --add-opens=java.base/java.util.concurrent=ALL-UNNAMED --add-opens=java.base/java.util.concurrent.atomic=ALL-UNNAMED --add-opens=java.base/jdk.internal.ref=ALL-UNNAMED --add-opens=java.base/sun.nio.ch=ALL-UNNAMED --add-opens=java.base/sun.nio.cs=ALL-UNNAMED --add-opens=java.base/sun.security.action=ALL-UNNAMED --add-opens=java.base/sun.util.calendar=ALL-UNNAMED --add-opens=java.security.jgss/sun.security.krb5=ALL-UNNAMED -Djdk.reflect.useDirectMethodHandle=false -Dlog4j.configurationFile=file:/home/kudadiri/anaconda3/envs/Home/lib/python3.10/site-packages/pyspark/conf/log4j2v2.properties -Dspark.yarn.app.container.log.dir=app-logs -Dlogfile.name=SparkRows-app], [spark.driver.host, 172.25.5.7]]
25/02/10 17:18:21 INFO Spark App: Before Transform
25/02/10 17:18:27 INFO Spark App: After Transform
25/02/10 17:18:28 INFO Spark App: Spark Terminate
25/02/11 14:43:49 INFO Spark App: Application Spark is Running...
25/02/11 14:43:58 INFO Spark App: Before Transform
25/02/11 14:44:07 INFO Spark App: After Transform
25/02/11 14:44:09 INFO Spark App: Spark Terminate
25/02/11 15:11:38 INFO Spark App: Application Spark is Running...
25/02/11 15:11:43 INFO Spark App: Before Transform
25/02/11 15:11:49 INFO Spark App: After Transform
25/02/11 15:11:50 INFO Spark App: Spark Terminate
