25/03/17 15:59:19 INFO SparkSQL$: Need Some Data Path: <>
25/03/17 16:02:33 INFO SparkSQL$: Initialize Spark...
25/03/17 16:02:50 INFO SparkSQL$: Spark Job Start...
25/03/17 16:03:12 INFO SparkSQL$: Spark Job End...
25/03/17 16:03:42 INFO SparkSQL$: Spark Terminate...
25/03/17 16:08:52 INFO SparkSQLTable$: Need Some Data Path: <>
25/03/17 16:09:47 INFO SparkSQLTable$: Initialize Spark...
25/03/17 16:09:55 INFO SparkSQLTable$: Spark Job Start...
25/03/17 16:14:02 INFO SparkSQLTable$: Initialize Spark...
25/03/17 16:14:09 INFO SparkSQLTable$: Spark Job Start...
25/03/17 16:18:20 INFO SparkSQLTable$: Initialize Spark...
25/03/17 16:18:29 INFO SparkSQLTable$: Spark Job Start...
25/03/17 16:20:43 INFO SparkSQLTable$: Initialize Spark...
25/03/17 16:30:19 INFO SparkSQLTable$: Initialize Spark...
25/03/17 16:31:21 INFO SparkSQLTable$: Need Some Data Path: <>
25/03/17 16:56:10 INFO SparkSQLTable$: Initialize Spark...
25/03/17 16:56:17 INFO SparkSQLTable$: Spark Job Start...
25/03/17 16:58:47 INFO SparkSQLTable$: Initialize Spark...
25/03/17 16:58:54 INFO SparkSQLTable$: Spark Job Start...
25/03/17 17:01:25 INFO SparkSQLTable$: Initialize Spark...
25/03/17 17:01:32 INFO SparkSQLTable$: Spark Job Start...
25/03/17 17:26:59 INFO SparkSQLTable$: Initialize Spark...
25/03/17 17:27:16 INFO SparkSQLTable$: Spark Job Start...
25/03/17 17:30:41 INFO SparkSQLTable$: Initialize Spark...
25/03/17 17:30:58 INFO SparkSQLTable$: Spark Job Start...
25/03/17 17:31:24 INFO SparkSQLTable$: [name: string, catalog: string ... 4 more fields]
25/03/17 17:31:24 INFO SparkSQLTable$: Spark Job End...
25/03/17 17:33:19 INFO SparkSQLTable$: Spark Terminate...
25/03/17 17:34:38 INFO SparkSQLTable$: Initialize Spark...
25/03/17 17:34:55 INFO SparkSQLTable$: Spark Job Start...
25/03/17 17:35:08 INFO SparkSQLTable$: [name: string, catalog: string ... 4 more fields]
25/03/17 17:35:11 INFO SparkSQLTable$: Spark Job End...
25/03/17 17:41:08 INFO SparkSQLTable$: Spark Terminate...
25/03/19 07:14:32 INFO SparkDatasetIntro$: Need Some Data Path: <>
25/03/19 07:35:37 INFO SparkDatasetIntro$: Initialize Spark...
25/03/19 07:35:58 INFO SparkDatasetIntro$: Spark Job Start...
25/03/19 07:36:11 INFO SparkDatasetIntro$: Spark Job End...
25/03/19 07:36:17 INFO SparkDatasetIntro$: Spark Terminate...
25/03/19 16:13:09 INFO SparkDatasetIntro2$: Need Some Data Path: <>
25/03/19 16:27:20 INFO SparkDatasetIntro2$: Initialize Spark...
25/03/19 16:27:37 INFO SparkDatasetIntro2$: Spark Job Start...
25/03/19 16:28:00 INFO SparkDatasetIntro2$: Spark Job End...
25/03/19 16:29:04 INFO SparkDatasetIntro2$: Spark Terminate...
25/03/19 16:32:33 INFO SparkDatasetIntro2$: Initialize Spark...
25/03/19 16:32:48 INFO SparkDatasetIntro2$: Spark Job Start...
25/03/19 16:33:03 INFO SparkDatasetIntro2$: Spark Job End...
25/03/19 16:34:11 INFO SparkDatasetIntro2$: Spark Terminate...
25/03/19 16:35:04 INFO SparkDatasetIntro2$: Initialize Spark...
25/03/19 16:35:18 INFO SparkDatasetIntro2$: Spark Job Start...
25/03/19 16:35:24 INFO SparkDatasetIntro2$: Spark Job End...
25/03/19 16:35:58 INFO SparkDatasetIntro2$: Spark Terminate...
25/03/19 16:43:57 INFO SparkDatasetIntro2$: Initialize Spark...
25/03/19 16:44:13 INFO SparkDatasetIntro2$: Spark Job Start...
25/03/19 16:44:32 INFO SparkDatasetIntro2$: Spark Job End...
25/03/19 16:45:32 INFO SparkDatasetIntro2$: Initialize Spark...
25/03/19 16:45:50 INFO SparkDatasetIntro2$: Spark Job Start...
25/03/19 16:47:00 INFO SparkDatasetIntro2$: Initialize Spark...
25/03/19 16:47:14 INFO SparkDatasetIntro2$: Spark Job Start...
25/03/19 16:47:30 INFO SparkDatasetIntro2$: Spark Job End...
25/03/19 16:48:17 INFO SparkDatasetIntro2$: Spark Terminate...
25/03/19 16:48:27 INFO SparkDatasetIntro2$: Initialize Spark...
25/03/19 16:48:44 INFO SparkDatasetIntro2$: Spark Job Start...
25/03/19 16:48:56 INFO SparkDatasetIntro2$: Spark Job End...
25/03/19 17:20:05 INFO SparkDatasetIntro2$: Spark Terminate...
