25/03/16 12:22:41 INFO ReadData$: Spark Initialize...
25/03/16 12:22:58 INFO ReadData$: Spark Job Start...
25/03/16 12:22:58 INFO ReadData$: Spark Job End...
25/03/16 12:23:01 INFO ReadData$: Spark Terminate...
25/03/16 12:30:16 INFO ReadData$: Need Apply Some Data Path: <>
25/03/16 12:31:12 INFO ReadData$: Need Apply Some Data Path: <>
25/03/16 12:35:36 INFO ReadData$: Need Apply Some Data Path: <>
25/03/16 12:36:05 INFO ReadData$: Spark Initialize...
25/03/16 12:36:05 INFO ReadData$: Spark Job Start...
25/03/16 12:36:05 INFO ReadData$: Spark Job End...
25/03/16 12:36:05 INFO ReadData$: Spark Terminate...
25/03/16 12:40:39 INFO ReadData$: Spark Initialize...
25/03/16 12:40:44 INFO ReadData$: Spark Job Start...
25/03/16 12:42:42 INFO ReadData$: Spark Initialize...
25/03/16 12:42:46 INFO ReadData$: Spark Job Start...
25/03/16 12:43:01 INFO ReadData$: Spark Job End...
25/03/16 12:43:54 INFO ReadData$: Spark Terminate...
25/03/16 12:44:06 INFO ReadData$: Spark Initialize...
25/03/16 12:44:13 INFO ReadData$: Spark Job Start...
25/03/16 12:44:25 INFO ReadData$: Spark Job End...
25/03/16 12:46:07 INFO ReadData$: Spark Terminate...
